1
          Texas Natural Resource Conservation Commission
          QUAL-TX model  Version 3.5    Updated November 1999

          Output produced at 13:33 hours on 02/22/2016



          $$$ DATA TYPE 1 (TITLES AND CONTROL CARDS) $$$

          CARD TYPE       CONTROL TITLES

          CNTROL01        NOV UTRWD RIVERBEND WWTP; #10698-002                            
          CNTROL02        #001 = 5 MGD @ 5/1/6, #002 = 5 MGD @ 5/1/6                      
          CNTROL03  YES   ECHO DATA INPUT            
          CNTROL04  YES   SPECIAL REPORT             
          CNTROL05  YES   CAPSULE SUMMARY            
          CNTROL06  YES   FINAL REPORT               
          CNTROL07   NO   LINE PRINTER PLOT          
          CNTROL08   NO   GRAPHICS CAPABILITY        
          CNTROL09  YES   METRIC UNITS               
          CNTROL10  YES   OXYGEN DEPENDENT RATES     
          CNTROL11   NO   SENSITIVITY ANALYSIS       
          CNTROL12   NO   FLOW AUGMENTATION          
          ENDATA01



          $$$ DATA TYPE 2 (MODEL OPTIONS) $$$

          CARD TYPE       MODEL OPTION

          MODOPT01   NO   TEMPERATURE                                                        
          MODOPT02   NO   SALINITY                                                           
          MODOPT03  YES   CONSERVATIVE MATERIAL  I = %EFFL 10698.002, OUTF 001               
          MODOPT04  YES   CONSERVATIVE MATERIAL II = %EFFL 10698.002, OUTF 002               
          MODOPT05  YES   DISSOLVED OXYGEN                                                   
          MODOPT06  YES   BIOCHEMICAL OXYGEN DEMAND                                          
          MODOPT07  YES   NITROGEN                                                           
          MODOPT08   NO   PHOSPHORUS                                                         
          MODOPT09   NO   CHLOROPHYLL A                                                      
          MODOPT10   NO   MACROPHYTES                                                        
          MODOPT11   NO   COLIFORM                                                           
          MODOPT12   NO   NONCONSERVATIVE MATERIAL =                                         
          ENDATA02



          $$$ DATA TYPE 3 (PROGRAM CONSTANTS) $$$

          CARD TYPE       DESCRIPTION OF CONSTANT                        VALUE

          PROGRAM         BOD OXYGEN UPTAKE RATE             =         2.30000
          PROGRAM         SPECIAL REPORT TYPE                =         1.00000
          PROGRAM         KL MINIMUM                         =         1.00000
          PROGRAM         MAXIMUM ITERATION LIMIT            =       500.00000
          ENDATA03



          $$$ DATA TYPE 4 (TEMPERATURE CORRECTION CONSTANTS FOR RATE COEFFICIENTS) $$$

          CARD TYPE     RATE CODE     THETA VALUE

          ENDATA04



          $$$ CONSTANTS TYPE 5 (TEMPERATURE DATA) $$$

          CARD TYPE       DESCRIPTION OF CONSTANT                        VALUE

          ENDATA05



          $$$ DATA TYPE 6 (ALGAE CONSTANTS) $$$

          CARD TYPE       DESCRIPTION OF CONSTANT                        VALUE

          ENDATA06



          $$$ DATA TYPE 7 (MACROPHYTE CONSTANTS) $$$

          CARD TYPE       DESCRIPTION OF CONSTANT                        VALUE

          ENDATA07



          $$$ DATA TYPE 8 (REACH IDENTIFICATION DATA) $$$
                                                                     BEGIN         END     ELEM    REACH     ELEMS   BEGIN    END
          CARD TYPE  REACH  ID  NAME                                 REACH       REACH   LENGTH   LENGTH    PER RCH   ELEM   ELEM
                                                                        KM          KM       KM       KM               NUM    NUM

          REACH ID      1   EF  FISH TRAP BRIDGE ABUTMNT TO COVE      2.49  TO    2.48    .0100      .01       1        1      1
          REACH ID      2   C1  COVE 1: OUTFALL 001 TO ELM FORK        .12  TO     .00    .1200      .12       1        2      2
          REACH ID      3   EF  COVE 1 TO KM 2.285                    2.48  TO    2.29    .1000      .20       2        3      4
          REACH ID      4   EF  KM 2.285 TO OUTFALL 002 INLET         2.29  TO    2.04    .1250      .25       2        5      6
          REACH ID      5   C2  OUTFALL 002 TO INUNDATED INLET         .28  TO     .15    .1300      .13       1        7      7
          REACH ID      6   C2  INUNDATED INLET START TO ELM FRK       .15  TO     .00    .1500      .15       1        8      8
          REACH ID      7   EF  OUTFALL 002 INLET TO KM 1.885         2.04  TO    1.88    .1500      .15       1        9      9
          REACH ID      8   EF  KM 1.885 TO KM 1.735                  1.88  TO    1.74    .1500      .15       1       10     10
          REACH ID      9   EF  KM 1.735 TO END OF MID-CHAN ISLE      1.74  TO    1.38    .1200      .36       3       11     13
          REACH ID     10   EF  END OF MID-CHANNEL ISLE TO BEND       1.38  TO    1.20    .1750      .17       1       14     14
          REACH ID     11   EF  BEGINNING TO MIDDLE OF BEND           1.20  TO    1.03    .1700      .17       1       15     15
          REACH ID     12   EF  MIDDLE TO SOUTHERN END OF BEND        1.03  TO     .90    .1300      .13       1       16     16
          REACH ID     13   EF  SOUTH END OF BEND TO WEST INLET        .90  TO     .40    .1000      .50       5       17     21
          REACH ID     14   EF  WESTERN INLET TO HWY 380 BRIDGE        .40  TO     .00    .1000      .40       4       22     25
          ENDATA08



          $$$ DATA TYPE 9 (ADVECTIVE HYDRAULIC COEFFICIENTS) $$$

          CARD TYPE      REACH  ID         VELOCITY       VELOCITY          DEPTH          DEPTH          DEPTH         MANNINGS
                                              "A"            "B"             "C"            "D"            "E"            "N"

          HYDR-1            1   EF        .02840000          1.000           .000           .000          1.067           .035
          HYDR-1            2   C1        .04690000          1.000           .000           .000           .610           .035
          HYDR-1            3   EF        .01610000          1.000           .000           .000          1.219           .035
          HYDR-1            4   EF        .01930000          1.000           .000           .000          1.295           .035
          HYDR-1            5   C2        .13100000           .500           .720           .400           .000           .035
          HYDR-1            6   C2        .24300000          1.000           .000           .000           .457           .035
          HYDR-1            7   EF        .01460000          1.000           .000           .000          1.372           .035
          HYDR-1            8   EF        .00990000          1.000           .000           .000          1.524           .035
          HYDR-1            9   EF        .01400000          1.000           .000           .000          1.524           .035
          HYDR-1           10   EF        .00330000          1.000           .000           .000          1.829           .035
          HYDR-1           11   EF        .00280000          1.000           .000           .000          1.829           .035
          HYDR-1           12   EF        .00260000          1.000           .000           .000          1.829           .035
          HYDR-1           13   EF        .00360000          1.000           .000           .000          1.829           .035
          HYDR-1           14   EF        .00310000          1.000           .000           .000          1.981           .035
          ENDATA09



          $$$ DATA TYPE 10 (DISPERSIVE HYDRAULIC COEFFICIENTS) $$$

          CARD TYPE      REACH  ID     TIDAL     DISPERSION     DISPERSION     DISPERSION     DISPERSION
                                       RANGE        "A"            "B"            "C"            "D"

          HYDR-2            1   EF       .00        .100           .000           .000           .000
          HYDR-2            2   C1       .00        .100           .000           .000           .000
          HYDR-2            3   EF       .00        .100           .000           .000           .000
          HYDR-2            4   EF       .00        .120           .000           .000           .000
          HYDR-2            6   C2       .00        .100           .000           .000           .000
          HYDR-2            7   EF       .00        .100           .000           .000           .000
          HYDR-2            8   EF       .00        .110           .000           .000           .000
          HYDR-2            9   EF       .00        .170           .000           .000           .000
          HYDR-2           10   EF       .00        .150           .000           .000           .000
          HYDR-2           11   EF       .00        .100           .000           .000           .000
          HYDR-2           12   EF       .00        .140           .000           .000           .000
          HYDR-2           13   EF       .00        .270           .000           .000           .000
          HYDR-2           14   EF       .00        .320           .000           .000           .000
          ENDATA10



          $$$ DATA TYPE 11 (INITIAL CONDITIONS) $$$

          CARD TYPE      REACH  ID        TEMP     SALIN        DO       NH3     NO3+2      PHOS     CHL A     MACRO

          INITIAL           1   EF       20.50       .00      5.00       .00      1.00       .00     23.00       .00
          INITIAL           2   C1       20.50       .00      5.00       .00      1.00       .00     23.00       .00
          INITIAL           3   EF       20.50       .00      5.00       .00      1.00       .00     23.00       .00
          INITIAL           4   EF       20.50       .00      5.00       .00      1.00       .00     23.00       .00
          INITIAL           5   C2       20.50       .00      5.00       .00      1.00       .00     23.00       .00
          INITIAL           6   C2       20.50       .00      5.00       .00      1.00       .00     23.00       .00
          INITIAL           7   EF       20.50       .00      5.00       .00      1.00       .00     23.00       .00
          INITIAL           8   EF       20.50       .00      5.00       .00      1.00       .00     23.00       .00
          INITIAL           9   EF       20.50       .00      5.00       .00      1.00       .00     23.00       .00
          INITIAL          10   EF       20.50       .00      5.00       .00      1.00       .00     23.00       .00
          INITIAL          11   EF       20.50       .00      5.00       .00      1.00       .00     23.00       .00
          INITIAL          12   EF       20.50       .00      5.00       .00      1.00       .00     23.00       .00
          INITIAL          13   EF       20.50       .00      5.00       .00      1.00       .00     23.00       .00
          INITIAL          14   EF       20.50       .00      5.00       .00      1.00       .00     23.00       .00
          ENDATA11



          $$$ DATA TYPE 12 (REAERATION, SEDIMENT OXYGEN DEMAND,  BOD COEFFICIENTS) $$$
                                                                                           AEROB                         ANAER
          CARD TYPE      REACH  ID          K2        K2        K2        K2     BKGRND      BOD       BOD   BOD CONV      BOD
                                           OPT       "A"       "B"       "C"       SOD     DECAY      SETT    TO SOD     DECAY

          COEF-1            1   EF          1.      .940      .000      .000      .750      .100      .000     1.000      .050
          COEF-1            2   C1          1.     1.640      .000      .000      .450      .100      .000     1.000      .050
          COEF-1            3   EF          1.      .820      .000      .000      .750      .100      .000     1.000      .050
          COEF-1            4   EF          1.      .770      .000      .000      .800      .100      .000     1.000      .050
          COEF-1            5   C2         11.      .000      .000      .000      .350      .100      .000     1.000      .050
          COEF-1            6   C2          1.     2.190      .000      .000      .600      .100      .000     1.000      .050
          COEF-1            7   EF          1.      .730      .000      .000      .850      .100      .000     1.000      .050
          COEF-1            8   EF          1.      .660      .000      .000      .950      .100      .000     1.000      .050
          COEF-1            9   EF          1.      .660      .000      .000      .950      .100      .000     1.000      .050
          COEF-1           10   EF          1.      .550      .000      .000     1.100      .100      .000     1.000      .050
          COEF-1           11   EF          1.      .550      .000      .000     1.100      .100      .000     1.000      .050
          COEF-1           12   EF          1.      .550      .000      .000     1.100      .100      .000     1.000      .050
          COEF-1           13   EF          1.      .550      .000      .000     1.000      .100      .000     1.000      .050
          COEF-1           14   EF          1.      .500      .000      .000      .850      .100      .000     1.000      .050
          ENDATA12



          $$$ DATA TYPE 13 (NITROGEN AND PHOSPHORUS COEFFICIENTS) $$$

          CARD TYPE      REACH  ID       ORG-N     ORG-N   ORGN CONV       NH3       NH3      PHOS     DENIT
                                          DECA      SETT  TO NH3 SRCE     DECA      SRCE      SRCE      RATE

          COEF-2            1   EF         .01       .00      1.00         .30       .00       .00       .00
          COEF-2            2   C1         .01       .00      1.00         .30       .00       .00       .00
          COEF-2            3   EF         .01       .00      1.00         .30       .00       .00       .00
          COEF-2            4   EF         .01       .00      1.00         .30       .00       .00       .00
          COEF-2            5   C2         .01       .00      1.00         .30       .00       .00       .00
          COEF-2            6   C2         .01       .00      1.00         .30       .00       .00       .00
          COEF-2            7   EF         .01       .00      1.00         .30       .00       .00       .00
          COEF-2            8   EF         .01       .00      1.00         .30       .00       .00       .00
          COEF-2            9   EF         .01       .00      1.00         .30       .00       .00       .00
          COEF-2           10   EF         .01       .00      1.00         .30       .00       .00       .00
          COEF-2           11   EF         .01       .00      1.00         .30       .00       .00       .00
          COEF-2           12   EF         .01       .00      1.00         .30       .00       .00       .00
          COEF-2           13   EF         .01       .00      1.00         .30       .00       .00       .00
          COEF-2           14   EF         .01       .00      1.00         .30       .00       .00       .00
          ENDATA13



          $$$ DATA TYPE 14 (ALGAE AND MACROPHYTE COEFFICIENTS) $$$

          CARD TYPE      REACH  ID       SECCHI    ALGAE:     ALGAE    ALG CONV     ALGAE     ALGAE     MACRO     MACRO
                                          DEPTH     CHL A      SETT     TO SOD       GROW      RESP      GROW      RESP

          ENDATA14



          $$$ DATA TYPE 15 (COLIFORM AND NONCONSERVATIVE COEFFICIENTS) $$$

          CARD TYPE      REACH  ID    COLIFORM       NCM       NCM    NCM CONV
                                       DIE-OFF     DECAY      SETT     TO SOD

          ENDATA15



          $$$ DATA TYPE 16 (INCREMENTAL DATA FOR FLOW, TEMPERATURE, SALINITY, AND CONSERVATIVES) $$$

          CARD TYPE      REACH  ID          OUTFLOW         INFLOW      TEMP     SALIN      CM-I     CM-II    INFLOW/DIST

          ENDATA16



          $$$ DATA TYPE 17 (INCREMENTAL DATA FOR DO, BOD, AND NITROGEN) $$$

          CARD TYPE      REACH  ID          DO       BOD     ORG-N       NH3     NO3+2

          ENDATA17



          $$$ DATA TYPE 18 (INCREMENTAL DATA FOR PHOSPHORUS, CHLOROPHYLL, COLIFORM, AND NONCONSERVATIVES) $$$

          CARD TYPE      REACH  ID        PHOS     CHL A      COLI       NCM

          ENDATA18



          $$$ DATA TYPE 19 (NONPOINT SOURCE DATA) $$$

          CARD TYPE      REACH  ID         BOD     ORG-N      COLI       NCM        DO

          ENDATA19



          $$$ DATA TYPE 20 (HEADWATER FOR FLOW, TEMPERATURE, SALINITY AND CONSERVATIVES) $$$

          CARD
          TYPE        ELEMENT     NAME                  UNIT          FLOW      TEMP     SALIN      CM-I     CM-II

          HDWTR-1           1     PECAN/LITTLE ELM CR     0         .00878      .000      .000      .000      .000
          HDWTR-1           2     OUTFALL 001 COVE        0         .00000      .000      .000      .000      .000
          HDWTR-1           7     OUTFALL 002 TRIB        0         .00000      .000      .000      .000      .000
          ENDATA20



          $$$ DATA TYPE 21 (HEADWATER DATA FOR DO, BOD, AND NITROGEN) $$$

          CARD TYPE     ELEMENT   NAME                          DO       BOD     ORG-N       NH3     NO3+2

          HDWTR-2           1     PECAN/LITTLE ELM CR         7.16      1.30       .20       .05       .50
          HDWTR-2           2     OUTFALL 001 COVE            7.16      1.30       .20       .05       .50
          HDWTR-2           7     OUTFALL 002 TRIB            7.16      1.30       .20       .05       .50
          ENDATA21



          $$$ DATA TYPE 22 (HEADWATER DATA FOR PHOSPHORUS, CHLOROPHYLL, COLIFORM, AND NONCONSERVATIVES) $$$

          CARD TYPE     ELEMENT   NAME                         PHOS     CHL A      COLI       NCM

          ENDATA22



          $$$ DATA TYPE 23 (JUNCTION DATA) $$$

          CARD TYPE    JUNCTION   UPSTRM     NAME
                        ELEMENT  ELEMENT

          JUNCTION           3       1       OUTFALL 001 COVE CONF W/ ELM FORK (LAKE LEWISVILLE) MAINSTEM
          JUNCTION           9       6       OUTFALL 002 TRIB/INLET CONF W/ ELM FORK (LEWISVILLE)MAINSTEM
          ENDATA23



          $$$ DATA TYPE 24 (WASTELOAD DATA FOR FLOW, TEMPERATURE, SALINITY, AND CONSERVATIVES) $$$

          CARD TYPE  ELEMENT   NAME                           FLOW      TEMP       SAL      CM-I     CM-II

          WSTLD-1        2     UTRWD 10698.002: 001         .21945      .000      .000   100.000      .000
          WSTLD-1        7     UTRWD 10698.002: 002         .21945      .000      .000      .000   100.000
          ENDATA24



          $$$ DATA TYPE 25 (WASTELOAD DATA FOR DO, BOD, AND NITROGEN) $$$

                                                                                 % BOD                           %
          CARD TYPE     ELEMENT   NAME                          DO       BOD      RMVL     ORG-N       NH3    NITRIF     NO3+2

          WSTLD-2           2     UTRWD 10698.002: 001        6.00      5.00       .00       .00      1.00       .00       .00
          WSTLD-2           7     UTRWD 10698.002: 002        6.00      5.00       .00       .00      1.00       .00       .00
          ENDATA25



          $$$ DATA TYPE 26 (WASTELOAD DATA FOR PHOSPHORUS, CHLOROPHYLL, COLIFORM, AND NONCONSERVATIVES) $$$

          CARD TYPE     ELEMENT   NAME                        PHOS     CHL A      COLI       NCM

          ENDATA26



          $$$ DATA TYPE 27 (LOWER BOUNDARY CONDITIONS) $$$

          CARD TYPE          CONSTITUENT                    CONCENTRATION

          LOWER BC     TEMPERATURE                        =     20.500 DEG C       
          LOWER BC     SALINITY                           =       .000 PPT         
          LOWER BC     CONSERVATIVE MATERIAL I            =       .000             
          LOWER BC     CONSERVATIVE MATERIAL II           =       .000             
          LOWER BC     DISSOLVED OXYGEN                   =      8.180 MG/L        
          LOWER BC     BIOCHEMICAL OXYGEN DEMAND          =      1.300 MG/L        
          LOWER BC     ORGANIC NITROGEN                   =       .000 MG/L        
          LOWER BC     AMMONIA NITROGEN                   =       .050 MG/L        
          LOWER BC     NITRATE + NITRITE NITROGEN         =       .000 MG/L        
          LOWER BC     PHOSPHORUS                         =       .000 MG/L        
          LOWER BC     CHLOROPHYLL A                      =     23.000 UG/L        
          LOWER BC     COLIFORM                           =       .000 #/100 ML    
          LOWER BC     NONCONSERVATIVE MATERIAL           =       .000             
          ENDATA27



          $$$ DATA TYPE 28 (FLOW AUGMENTATION DATA) $$$

          CARD TYPE        REACH       AVAIL HDWS       TARGET             ORDER OF AVAIL SOURCES

          ENDATA28



          $$$ DATA TYPE 29 (SENSITIVITY ANALYSIS DATA) $$$

          CARD TYPE       PARAMETER     COL 1     COL 2     COL 3     COL 4     COL 5     COL 6     COL 7     COL 8

          ENDATA29



          $$$ DATA TYPE 30 (PLOT CONTROL CARDS) $$$


          ENDATA30



          $$$ DATA TYPE 31 (OVERLAY DATAFILE CONTROL CARDS) $$$


          ENDATA31



1

     .....NO ERRORS DETECTED IN INPUT DATA

     .....HYDRAULIC CALCULATIONS COMPLETED

     .....TRIDIAGONAL MATRIX TERMS INITIALIZED

     .....OXYGEN DEPENDENT RATES CONVERGENT IN   6 ITERATIONS

     .....CONSTITUENT CALCULATIONS COMPLETED
1
 CAPSULE SUMMARY
 PECAN/LITTLE ELM CR 

                                                      REAER CBOD CBOD  NH3
    DIST   FLOW  TEMP SALN   DO  EBOD ORGN  NH3 CHLA   RATE DECA SETT DECA   SOD
      KM    CMS DEG C  PPT MG/L  MG/L MG/L MG/L UG/L   1/DA 1/DA 1/DA 1/DA

   HDWTR    .009   .0   .0  7.2   1.3   .2   .1 23.0
    2.48    .009 20.5   .0  6.6   4.3   .0   .8 23.0    .95  .10  .00  .30   .78
    2.38    .228 20.5   .0  6.5   4.6   .0   .8 23.0    .83  .10  .00  .30   .78
    2.29    .228 20.5   .0  6.7   4.5   .0   .8 23.0    .83  .10  .00  .30   .78
    2.16    .228 20.5   .0  6.8   4.3   .0   .7 23.0    .78  .10  .00  .30   .83
    2.04    .228 20.5   .0  6.8   4.2   .0   .7 23.0    .78  .10  .00  .30   .83
    1.89    .448 20.5   .0  6.6   4.4   .0   .7 23.0    .74  .10  .00  .30   .88
    1.74    .448 20.5   .0  6.7   4.3   .0   .7 23.0    .67  .10  .00  .30   .98
    1.62    .448 20.5   .0  6.8   4.2   .0   .6 23.0    .67  .10  .00  .30   .98
    1.50    .448 20.5   .0  6.9   4.0   .0   .6 23.0    .67  .10  .00  .30   .98
    1.38    .448 20.5   .0  7.0   3.8   .0   .5 23.0    .67  .10  .00  .30   .98
    1.20    .448 20.5   .0  7.4   3.3   .0   .4 23.0    .56  .10  .00  .31  1.14
    1.03    .448 20.5   .0  7.8   2.9   .0   .2 23.0    .56  .10  .00  .31  1.14
     .90    .448 20.5   .0  8.1   2.5   .0   .2 23.0    .56  .10  .00  .31  1.14
     .80    .448 20.5   .0  8.3   2.3   .0   .1 23.0    .56  .10  .00  .31  1.04
     .70    .448 20.5   .0  8.4   2.2   .0   .1 23.0    .56  .10  .00  .31  1.04
     .60    .448 20.5   .0  8.6   2.0   .0   .1 23.0    .56  .10  .00  .31  1.04
     .50    .448 20.5   .0  8.7   1.9   .0   .1 23.0    .56  .10  .00  .31  1.04
     .40    .448 20.5   .0  8.8   1.8   .0   .1 23.0    .56  .10  .00  .31  1.04
     .30    .448 20.5   .0  8.9   1.6   .0   .1 23.0    .50  .10  .00  .31   .88
     .20    .448 20.5   .0  8.9   1.5   .0   .1 23.0    .50  .10  .00  .31   .88
     .10    .448 20.5   .0  8.8   1.4   .0   .1 23.0    .50  .10  .00  .31   .88
     .00    .448 20.5   .0  8.5   1.3   .0   .0 23.0    .50  .10  .00  .31   .88
1
 CAPSULE SUMMARY
 OUTFALL 001 COVE    

                                                      REAER CBOD CBOD  NH3
    DIST   FLOW  TEMP SALN   DO  EBOD ORGN  NH3 CHLA   RATE DECA SETT DECA   SOD
      KM    CMS DEG C  PPT MG/L  MG/L MG/L MG/L UG/L   1/DA 1/DA 1/DA 1/DA

   HDWTR    .000   .0   .0  7.2   1.3   .2   .1 23.0
     .00    .219 20.5   .0  6.4   4.9   .0   .9 23.0   1.66  .10  .00  .30   .47
1
 CAPSULE SUMMARY
 OUTFALL 002 TRIB    

                                                      REAER CBOD CBOD  NH3
    DIST   FLOW  TEMP SALN   DO  EBOD ORGN  NH3 CHLA   RATE DECA SETT DECA   SOD
      KM    CMS DEG C  PPT MG/L  MG/L MG/L MG/L UG/L   1/DA 1/DA 1/DA 1/DA

   HDWTR    .000   .0   .0  7.2   1.3   .2   .1 23.0
     .15    .219 20.5   .0  6.1   5.0   .0  1.0 23.0   2.57  .10  .00  .30   .36
     .00    .219 20.5   .0  6.3   4.9   .0   .9 23.0   2.21  .10  .00  .30   .62


 SPECIAL REPORT: PECAN/LITTLE ELM CR 
 WATER QUALITY CONSTITUENT VALUES 

 ELEM  ENDING   TEMP  SALN     CM-I    CM-II    DO     BOD   EBOD   ORGN    NH3  NO3+2   TOTN   PHOS  CHL A   MACRO     COLI     NCM
 NO.     DIST  DEG C   PPT       *        *    MG/L   MG/L   MG/L   MG/L   MG/L   MG/L   MG/L   MG/L   UG/L     **     #/100ML    *

   1    2.485  20.50    .0     88.9       .1   6.61   4.34   4.34    .02    .76    .16    .94    .00   23.0      .0       0.     .00
   3    2.385  20.50    .0     96.1       .1   6.54   4.60   4.60    .01    .83    .12    .96    .00   23.0      .0       0.     .00
   4    2.285  20.50    .0     95.9       .3   6.67   4.46   4.46    .01    .76    .17    .94    .00   23.0      .0       0.     .00
   5    2.160  20.50    .0     94.7      1.5   6.77   4.33   4.33    .01    .70    .22    .92    .00   23.0      .0       0.     .00
   6    2.035  20.50    .0     88.0      8.5   6.84   4.25   4.25    .01    .66    .25    .91    .00   23.0      .0       0.     .00
   9    1.885  20.50    .0     49.0     49.0   6.64   4.44   4.44    .00    .74    .19    .93    .00   23.0      .0       0.     .00
  10    1.735  20.50    .0     49.0     49.0   6.72   4.27   4.27    .00    .66    .24    .91    .00   23.0      .0       0.     .00
  11    1.615  20.50    .0     49.0     49.0   6.77   4.17   4.17    .00    .62    .27    .89    .00   23.0      .0       0.     .00
  12    1.495  20.50    .0     49.0     49.0   6.86   4.04   4.04    .00    .57    .30    .88    .00   23.0      .0       0.     .00
  13    1.375  20.50    .0     49.0     49.0   7.04   3.79   3.79    .00    .49    .33    .83    .00   23.0      .0       0.     .00
  14    1.200  20.50    .0     48.9     48.9   7.37   3.32   3.32    .00    .35    .38    .74    .00   23.0      .0       0.     .00
  15    1.030  20.50    .0     48.7     48.7   7.76   2.87   2.87    .00    .25    .39    .64    .00   23.0      .0       0.     .00
  16     .900  20.50    .0     48.2     48.2   8.09   2.52   2.52    .00    .18    .37    .56    .00   23.0      .0       0.     .00
  17     .800  20.50    .0     47.6     47.6   8.29   2.33   2.33    .00    .15    .35    .50    .00   23.0      .0       0.     .00
  18     .700  20.50    .0     46.8     46.8   8.44   2.18   2.18    .00    .13    .33    .46    .00   23.0      .0       0.     .00
  19     .600  20.50    .0     45.5     45.5   8.58   2.04   2.04    .00    .11    .30    .41    .00   23.0      .0       0.     .00
  20     .500  20.50    .0     43.3     43.3   8.71   1.90   1.90    .00    .09    .26    .36    .00   23.0      .0       0.     .00
  21     .400  20.50    .0     39.9     39.9   8.83   1.75   1.75    .00    .08    .22    .30    .00   23.0      .0       0.     .00
  22     .300  20.50    .0     35.3     35.3   8.92   1.62   1.62    .00    .06    .18    .24    .00   23.0      .0       0.     .00
  23     .200  20.50    .0     29.4     29.4   8.93   1.52   1.52    .00    .06    .13    .19    .00   23.0      .0       0.     .00
  24     .100  20.50    .0     20.9     20.9   8.82   1.42   1.42    .00    .05    .08    .14    .00   23.0      .0       0.     .00
  25     .000  20.50    .0      8.7      8.7   8.51   1.34   1.34    .00    .05    .03    .08    .00   23.0      .0       0.     .00


 SPECIAL REPORT: OUTFALL 001 COVE    
 WATER QUALITY CONSTITUENT VALUES 

 ELEM  ENDING   TEMP  SALN     CM-I    CM-II    DO     BOD   EBOD   ORGN    NH3  NO3+2   TOTN   PHOS  CHL A   MACRO     COLI     NCM
 NO.     DIST  DEG C   PPT       *        *    MG/L   MG/L   MG/L   MG/L   MG/L   MG/L   MG/L   MG/L   UG/L     **     #/100ML    *

   2     .000  20.50    .0     99.2       .0   6.37   4.86   4.86    .00    .93    .05    .98    .00   23.0      .0       0.     .00


 SPECIAL REPORT: OUTFALL 002 TRIB    
 WATER QUALITY CONSTITUENT VALUES 

 ELEM  ENDING   TEMP  SALN     CM-I    CM-II    DO     BOD   EBOD   ORGN    NH3  NO3+2   TOTN   PHOS  CHL A   MACRO     COLI     NCM
 NO.     DIST  DEG C   PPT       *        *    MG/L   MG/L   MG/L   MG/L   MG/L   MG/L   MG/L   MG/L   UG/L     **     #/100ML    *

   7     .150  20.50    .0       .1     99.9   6.13   4.99   4.99    .00    .99    .01   1.00    .00   23.0      .0       0.     .00
   8     .000  20.50    .0      9.8     89.9   6.32   4.87   4.87    .00    .94    .05    .98    .00   23.0      .0       0.     .00
1
 FINAL REPORT    PECAN/LITTLE ELM CR                              NOV UTRWD RIVERBEND WWTP; #10698-002                            
 REACH NO.  1    FISH TRAP BRIDGE ABUTMNT TO COVE                 #001 = 5 MGD @ 5/1/6, #002 = 5 MGD @ 5/1/6                      


 ********************************************************** REACH INPUTS ***********************************************************

 ELEM  TYPE         FLOW    TEMP     SALN     CM-I    CM-II    DO     BOD   EBOD   ORGN    NH3  NO3+2   PHOS  CHL A     COLI     NCM
 NO.                 CMS   DEG C      PPT       *        *    MG/L   MG/L   MG/L   MG/L   MG/L   MG/L   MG/L   UG/L    #/100ML    *

   1   HDWTR       .0088     .00      .00       .0       .0   7.16   1.30   1.30    .20    .05    .50    .00   23.0       0.     .00


 *************************************************** HYDRAULIC PARAMETER VALUES ****************************************************

 ELEM   BEGIN  ENDING       FLOW   PCT   ADVCTV  TRAVEL   DEPTH  WIDTH   VOLUME    SURFACE  X-SECT     TIDAL  TIDAL   DISPRSN   MEAN
  NO.    DIST    DIST              EFF    VELO    TIME                               AREA    AREA      PRISM   VELO             VELO
          KM      KM         CMS           M/S    DAYS      M      M      CU M       SQ M    SQ M      CU M    M/S    SQ M/S    M/S

    1    2.49    2.48      .0088     .0   .000      .46   1.07   33.0      352.      330.1    35.2        0.   .000      .100   .000

  TOT                                               .46                    352.      330.1
  AVG                                     .000            1.07   33.0                         35.2
  CUM                                               .46


 ********************************************** BIOLOGICAL AND PHYSICAL COEFFICIENTS ***********************************************

 ELEM  ENDING  SAT    REAER   CBOD  CBOD  ANBOD  FULL  CORR   ORGN  ORGN    NH3   NH3  DENIT   PO4   ALG   MAC   COLI    NCM   NCM
 NO.     DIST  D.O.    RATE  DECAY  SETT  DECAY   SOD   SOD  DECAY  SETT  DECAY  SRCE   RATE  SRCE  PROD  PROD  DECAY  DECAY  SETT
               MG/L    1/DA   1/DA  1/DA   1/DA    *     *    1/DA  1/DA   1/DA    *    1/DA    *    **    **    1/DA   1/DA  1/DA

   1    2.485  9.00     .95    .10   .00    .00   .78   .78    .01   .00    .30   .00    .00   .00  1.18   .00    .00    .00   .00

 20 DEG C RATE                 .10          .05         .75    .01          .30   .00    .00   .00                .00    .00
 AVG 20 DEG C RATE      .94          .00                             .00                                                       .00

 * G/SQ M/D            ** MG/L/DAY  


 ************************************************ WATER QUALITY CONSTITUENT VALUES *************************************************

 ELEM  ENDING   TEMP  SALN     CM-I    CM-II    DO     BOD   EBOD   ORGN    NH3  NO3+2   TOTN   PHOS  CHL A   MACRO     COLI     NCM
 NO.     DIST  DEG C   PPT       *        *    MG/L   MG/L   MG/L   MG/L   MG/L   MG/L   MG/L   MG/L   UG/L     **     #/100ML    *

   1    2.485  20.50    .0     88.9       .1   6.61   4.34   4.34    .02    .76    .16    .94    .00   23.0      .0       0.     .00

 * CM-I = %EFFL 10698.002, OUTF 001         CM-II = %EFFL 10698.002, OUTF 002         NCM =                           
                                                                                                      
 ** G/CU M    
1
 FINAL REPORT    PECAN/LITTLE ELM CR                              NOV UTRWD RIVERBEND WWTP; #10698-002                            
 REACH NO.  3    COVE 1 TO KM 2.285                               #001 = 5 MGD @ 5/1/6, #002 = 5 MGD @ 5/1/6                      


 ********************************************************** REACH INPUTS ***********************************************************

 ELEM  TYPE         FLOW    TEMP     SALN     CM-I    CM-II    DO     BOD   EBOD   ORGN    NH3  NO3+2   PHOS  CHL A     COLI     NCM
 NO.                 CMS   DEG C      PPT       *        *    MG/L   MG/L   MG/L   MG/L   MG/L   MG/L   MG/L   UG/L    #/100ML    *

   3   UPR RCH     .0088   20.50      .00     88.9       .1   6.61   4.34   4.34    .02    .76    .16    .00   23.0       0.     .00
   3   TRIB        .2195   20.50      .00     99.2       .0   6.37   4.86   4.86    .00    .93    .05    .00   23.0       0.     .00


 *************************************************** HYDRAULIC PARAMETER VALUES ****************************************************

 ELEM   BEGIN  ENDING       FLOW   PCT   ADVCTV  TRAVEL   DEPTH  WIDTH   VOLUME    SURFACE  X-SECT     TIDAL  TIDAL   DISPRSN   MEAN
  NO.    DIST    DIST              EFF    VELO    TIME                               AREA    AREA      PRISM   VELO             VELO
          KM      KM         CMS           M/S    DAYS      M      M      CU M       SQ M    SQ M      CU M    M/S    SQ M/S    M/S

    3    2.48    2.38      .2282   96.2   .004      .31   1.22   50.9     6211.     5094.5    62.1        0.   .000      .100   .004
    4    2.38    2.29      .2282   96.2   .004      .31   1.22   50.9     6211.     5094.5    62.1        0.   .000      .100   .004

  TOT                                               .63                  12422.    10188.9
  AVG                                     .004            1.22   50.9                         62.1
  CUM                                              1.09


 ********************************************** BIOLOGICAL AND PHYSICAL COEFFICIENTS ***********************************************

 ELEM  ENDING  SAT    REAER   CBOD  CBOD  ANBOD  FULL  CORR   ORGN  ORGN    NH3   NH3  DENIT   PO4   ALG   MAC   COLI    NCM   NCM
 NO.     DIST  D.O.    RATE  DECAY  SETT  DECAY   SOD   SOD  DECAY  SETT  DECAY  SRCE   RATE  SRCE  PROD  PROD  DECAY  DECAY  SETT
               MG/L    1/DA   1/DA  1/DA   1/DA    *     *    1/DA  1/DA   1/DA    *    1/DA    *    **    **    1/DA   1/DA  1/DA

   3    2.385  9.00     .83    .10   .00    .00   .78   .78    .01   .00    .30   .00    .00   .00  1.18   .00    .00    .00   .00
   4    2.285  9.00     .83    .10   .00    .00   .78   .78    .01   .00    .30   .00    .00   .00  1.18   .00    .00    .00   .00

 20 DEG C RATE                 .10          .05         .75    .01          .30   .00    .00   .00                .00    .00
 AVG 20 DEG C RATE      .82          .00                             .00                                                       .00

 * G/SQ M/D            ** MG/L/DAY  


 ************************************************ WATER QUALITY CONSTITUENT VALUES *************************************************

 ELEM  ENDING   TEMP  SALN     CM-I    CM-II    DO     BOD   EBOD   ORGN    NH3  NO3+2   TOTN   PHOS  CHL A   MACRO     COLI     NCM
 NO.     DIST  DEG C   PPT       *        *    MG/L   MG/L   MG/L   MG/L   MG/L   MG/L   MG/L   MG/L   UG/L     **     #/100ML    *

   3    2.385  20.50    .0     96.1       .1   6.54   4.60   4.60    .01    .83    .12    .96    .00   23.0      .0       0.     .00
   4    2.285  20.50    .0     95.9       .3   6.67   4.46   4.46    .01    .76    .17    .94    .00   23.0      .0       0.     .00

 * CM-I = %EFFL 10698.002, OUTF 001         CM-II = %EFFL 10698.002, OUTF 002         NCM =                           
                                                                                                      
 ** G/CU M    
1
 FINAL REPORT    PECAN/LITTLE ELM CR                              NOV UTRWD RIVERBEND WWTP; #10698-002                            
 REACH NO.  4    KM 2.285 TO OUTFALL 002 INLET                    #001 = 5 MGD @ 5/1/6, #002 = 5 MGD @ 5/1/6                      


 ********************************************************** REACH INPUTS ***********************************************************

 ELEM  TYPE         FLOW    TEMP     SALN     CM-I    CM-II    DO     BOD   EBOD   ORGN    NH3  NO3+2   PHOS  CHL A     COLI     NCM
 NO.                 CMS   DEG C      PPT       *        *    MG/L   MG/L   MG/L   MG/L   MG/L   MG/L   MG/L   UG/L    #/100ML    *

   5   UPR RCH     .2282   20.50      .00     95.9       .3   6.67   4.46   4.46    .01    .76    .17    .00   23.0       0.     .00


 *************************************************** HYDRAULIC PARAMETER VALUES ****************************************************

 ELEM   BEGIN  ENDING       FLOW   PCT   ADVCTV  TRAVEL   DEPTH  WIDTH   VOLUME    SURFACE  X-SECT     TIDAL  TIDAL   DISPRSN   MEAN
  NO.    DIST    DIST              EFF    VELO    TIME                               AREA    AREA      PRISM   VELO             VELO
          KM      KM         CMS           M/S    DAYS      M      M      CU M       SQ M    SQ M      CU M    M/S    SQ M/S    M/S

    5    2.29    2.16      .2282   96.2   .004      .33   1.30   40.0     6477.     4999.8    51.8        0.   .000      .120   .004
    6    2.16    2.04      .2282   96.2   .004      .33   1.30   40.0     6477.     4999.8    51.8        0.   .000      .120   .004

  TOT                                               .66                  12953.     9999.5
  AVG                                     .004            1.30   40.0                         51.8
  CUM                                              1.75


 ********************************************** BIOLOGICAL AND PHYSICAL COEFFICIENTS ***********************************************

 ELEM  ENDING  SAT    REAER   CBOD  CBOD  ANBOD  FULL  CORR   ORGN  ORGN    NH3   NH3  DENIT   PO4   ALG   MAC   COLI    NCM   NCM
 NO.     DIST  D.O.    RATE  DECAY  SETT  DECAY   SOD   SOD  DECAY  SETT  DECAY  SRCE   RATE  SRCE  PROD  PROD  DECAY  DECAY  SETT
               MG/L    1/DA   1/DA  1/DA   1/DA    *     *    1/DA  1/DA   1/DA    *    1/DA    *    **    **    1/DA   1/DA  1/DA

   5    2.160  9.00     .78    .10   .00    .00   .83   .83    .01   .00    .30   .00    .00   .00  1.18   .00    .00    .00   .00
   6    2.035  9.00     .78    .10   .00    .00   .83   .83    .01   .00    .30   .00    .00   .00  1.18   .00    .00    .00   .00

 20 DEG C RATE                 .10          .05         .80    .01          .30   .00    .00   .00                .00    .00
 AVG 20 DEG C RATE      .77          .00                             .00                                                       .00

 * G/SQ M/D            ** MG/L/DAY  


 ************************************************ WATER QUALITY CONSTITUENT VALUES *************************************************

 ELEM  ENDING   TEMP  SALN     CM-I    CM-II    DO     BOD   EBOD   ORGN    NH3  NO3+2   TOTN   PHOS  CHL A   MACRO     COLI     NCM
 NO.     DIST  DEG C   PPT       *        *    MG/L   MG/L   MG/L   MG/L   MG/L   MG/L   MG/L   MG/L   UG/L     **     #/100ML    *

   5    2.160  20.50    .0     94.7      1.5   6.77   4.33   4.33    .01    .70    .22    .92    .00   23.0      .0       0.     .00
   6    2.035  20.50    .0     88.0      8.5   6.84   4.25   4.25    .01    .66    .25    .91    .00   23.0      .0       0.     .00

 * CM-I = %EFFL 10698.002, OUTF 001         CM-II = %EFFL 10698.002, OUTF 002         NCM =                           
                                                                                                      
 ** G/CU M    
1
 FINAL REPORT    PECAN/LITTLE ELM CR                              NOV UTRWD RIVERBEND WWTP; #10698-002                            
 REACH NO.  7    OUTFALL 002 INLET TO KM 1.885                    #001 = 5 MGD @ 5/1/6, #002 = 5 MGD @ 5/1/6                      


 ********************************************************** REACH INPUTS ***********************************************************

 ELEM  TYPE         FLOW    TEMP     SALN     CM-I    CM-II    DO     BOD   EBOD   ORGN    NH3  NO3+2   PHOS  CHL A     COLI     NCM
 NO.                 CMS   DEG C      PPT       *        *    MG/L   MG/L   MG/L   MG/L   MG/L   MG/L   MG/L   UG/L    #/100ML    *

   9   UPR RCH     .2282   20.50      .00     88.0      8.5   6.84   4.25   4.25    .01    .66    .25    .00   23.0       0.     .00
   9   TRIB        .2195   20.50      .00      9.8     89.9   6.32   4.87   4.87    .00    .94    .05    .00   23.0       0.     .00


 *************************************************** HYDRAULIC PARAMETER VALUES ****************************************************

 ELEM   BEGIN  ENDING       FLOW   PCT   ADVCTV  TRAVEL   DEPTH  WIDTH   VOLUME    SURFACE  X-SECT     TIDAL  TIDAL   DISPRSN   MEAN
  NO.    DIST    DIST              EFF    VELO    TIME                               AREA    AREA      PRISM   VELO             VELO
          KM      KM         CMS           M/S    DAYS      M      M      CU M       SQ M    SQ M      CU M    M/S    SQ M/S    M/S

    9    2.04    1.89      .4477   98.0   .007      .27   1.37   49.9    10274.     7490.5    68.5        0.   .000      .100   .007

  TOT                                               .27                  10274.     7490.5
  AVG                                     .007            1.37   49.9                         68.5
  CUM                                              2.02


 ********************************************** BIOLOGICAL AND PHYSICAL COEFFICIENTS ***********************************************

 ELEM  ENDING  SAT    REAER   CBOD  CBOD  ANBOD  FULL  CORR   ORGN  ORGN    NH3   NH3  DENIT   PO4   ALG   MAC   COLI    NCM   NCM
 NO.     DIST  D.O.    RATE  DECAY  SETT  DECAY   SOD   SOD  DECAY  SETT  DECAY  SRCE   RATE  SRCE  PROD  PROD  DECAY  DECAY  SETT
               MG/L    1/DA   1/DA  1/DA   1/DA    *     *    1/DA  1/DA   1/DA    *    1/DA    *    **    **    1/DA   1/DA  1/DA

   9    1.885  9.00     .74    .10   .00    .00   .88   .88    .01   .00    .30   .00    .00   .00  1.18   .00    .00    .00   .00

 20 DEG C RATE                 .10          .05         .85    .01          .30   .00    .00   .00                .00    .00
 AVG 20 DEG C RATE      .73          .00                             .00                                                       .00

 * G/SQ M/D            ** MG/L/DAY  


 ************************************************ WATER QUALITY CONSTITUENT VALUES *************************************************

 ELEM  ENDING   TEMP  SALN     CM-I    CM-II    DO     BOD   EBOD   ORGN    NH3  NO3+2   TOTN   PHOS  CHL A   MACRO     COLI     NCM
 NO.     DIST  DEG C   PPT       *        *    MG/L   MG/L   MG/L   MG/L   MG/L   MG/L   MG/L   MG/L   UG/L     **     #/100ML    *

   9    1.885  20.50    .0     49.0     49.0   6.64   4.44   4.44    .00    .74    .19    .93    .00   23.0      .0       0.     .00

 * CM-I = %EFFL 10698.002, OUTF 001         CM-II = %EFFL 10698.002, OUTF 002         NCM =                           
                                                                                                      
 ** G/CU M    
1
 FINAL REPORT    PECAN/LITTLE ELM CR                              NOV UTRWD RIVERBEND WWTP; #10698-002                            
 REACH NO.  8    KM 1.885 TO KM 1.735                             #001 = 5 MGD @ 5/1/6, #002 = 5 MGD @ 5/1/6                      


 ********************************************************** REACH INPUTS ***********************************************************

 ELEM  TYPE         FLOW    TEMP     SALN     CM-I    CM-II    DO     BOD   EBOD   ORGN    NH3  NO3+2   PHOS  CHL A     COLI     NCM
 NO.                 CMS   DEG C      PPT       *        *    MG/L   MG/L   MG/L   MG/L   MG/L   MG/L   MG/L   UG/L    #/100ML    *

  10   UPR RCH     .4477   20.50      .00     49.0     49.0   6.64   4.44   4.44    .00    .74    .19    .00   23.0       0.     .00


 *************************************************** HYDRAULIC PARAMETER VALUES ****************************************************

 ELEM   BEGIN  ENDING       FLOW   PCT   ADVCTV  TRAVEL   DEPTH  WIDTH   VOLUME    SURFACE  X-SECT     TIDAL  TIDAL   DISPRSN   MEAN
  NO.    DIST    DIST              EFF    VELO    TIME                               AREA    AREA      PRISM   VELO             VELO
          KM      KM         CMS           M/S    DAYS      M      M      CU M       SQ M    SQ M      CU M    M/S    SQ M/S    M/S

   10    1.88    1.74      .4477   98.0   .004      .39   1.52   66.3    15152.     9941.9   101.0        0.   .000      .110   .004

  TOT                                               .39                  15152.     9941.9
  AVG                                     .004            1.52   66.3                        101.0
  CUM                                              2.41


 ********************************************** BIOLOGICAL AND PHYSICAL COEFFICIENTS ***********************************************

 ELEM  ENDING  SAT    REAER   CBOD  CBOD  ANBOD  FULL  CORR   ORGN  ORGN    NH3   NH3  DENIT   PO4   ALG   MAC   COLI    NCM   NCM
 NO.     DIST  D.O.    RATE  DECAY  SETT  DECAY   SOD   SOD  DECAY  SETT  DECAY  SRCE   RATE  SRCE  PROD  PROD  DECAY  DECAY  SETT
               MG/L    1/DA   1/DA  1/DA   1/DA    *     *    1/DA  1/DA   1/DA    *    1/DA    *    **    **    1/DA   1/DA  1/DA

  10    1.735  9.00     .67    .10   .00    .00   .98   .98    .01   .00    .30   .00    .00   .00  1.18   .00    .00    .00   .00

 20 DEG C RATE                 .10          .05         .95    .01          .30   .00    .00   .00                .00    .00
 AVG 20 DEG C RATE      .66          .00                             .00                                                       .00

 * G/SQ M/D            ** MG/L/DAY  


 ************************************************ WATER QUALITY CONSTITUENT VALUES *************************************************

 ELEM  ENDING   TEMP  SALN     CM-I    CM-II    DO     BOD   EBOD   ORGN    NH3  NO3+2   TOTN   PHOS  CHL A   MACRO     COLI     NCM
 NO.     DIST  DEG C   PPT       *        *    MG/L   MG/L   MG/L   MG/L   MG/L   MG/L   MG/L   MG/L   UG/L     **     #/100ML    *

  10    1.735  20.50    .0     49.0     49.0   6.72   4.27   4.27    .00    .66    .24    .91    .00   23.0      .0       0.     .00

 * CM-I = %EFFL 10698.002, OUTF 001         CM-II = %EFFL 10698.002, OUTF 002         NCM =                           
                                                                                                      
 ** G/CU M    
1
 FINAL REPORT    PECAN/LITTLE ELM CR                              NOV UTRWD RIVERBEND WWTP; #10698-002                            
 REACH NO.  9    KM 1.735 TO END OF MID-CHAN ISLE                 #001 = 5 MGD @ 5/1/6, #002 = 5 MGD @ 5/1/6                      


 ********************************************************** REACH INPUTS ***********************************************************

 ELEM  TYPE         FLOW    TEMP     SALN     CM-I    CM-II    DO     BOD   EBOD   ORGN    NH3  NO3+2   PHOS  CHL A     COLI     NCM
 NO.                 CMS   DEG C      PPT       *        *    MG/L   MG/L   MG/L   MG/L   MG/L   MG/L   MG/L   UG/L    #/100ML    *

  11   UPR RCH     .4477   20.50      .00     49.0     49.0   6.72   4.27   4.27    .00    .66    .24    .00   23.0       0.     .00


 *************************************************** HYDRAULIC PARAMETER VALUES ****************************************************

 ELEM   BEGIN  ENDING       FLOW   PCT   ADVCTV  TRAVEL   DEPTH  WIDTH   VOLUME    SURFACE  X-SECT     TIDAL  TIDAL   DISPRSN   MEAN
  NO.    DIST    DIST              EFF    VELO    TIME                               AREA    AREA      PRISM   VELO             VELO
          KM      KM         CMS           M/S    DAYS      M      M      CU M       SQ M    SQ M      CU M    M/S    SQ M/S    M/S

   11    1.74    1.62      .4477   98.0   .006      .22   1.52   46.9     8571.     5624.3    71.4        0.   .000      .170   .006
   12    1.62    1.50      .4477   98.0   .006      .22   1.52   46.9     8571.     5624.3    71.4        0.   .000      .170   .006
   13    1.50    1.38      .4477   98.0   .006      .22   1.52   46.9     8571.     5624.3    71.4        0.   .000      .170   .006

  TOT                                               .66                  25714.    16872.9
  AVG                                     .006            1.52   46.9                         71.4
  CUM                                              3.07


 ********************************************** BIOLOGICAL AND PHYSICAL COEFFICIENTS ***********************************************

 ELEM  ENDING  SAT    REAER   CBOD  CBOD  ANBOD  FULL  CORR   ORGN  ORGN    NH3   NH3  DENIT   PO4   ALG   MAC   COLI    NCM   NCM
 NO.     DIST  D.O.    RATE  DECAY  SETT  DECAY   SOD   SOD  DECAY  SETT  DECAY  SRCE   RATE  SRCE  PROD  PROD  DECAY  DECAY  SETT
               MG/L    1/DA   1/DA  1/DA   1/DA    *     *    1/DA  1/DA   1/DA    *    1/DA    *    **    **    1/DA   1/DA  1/DA

  11    1.615  9.00     .67    .10   .00    .00   .98   .98    .01   .00    .30   .00    .00   .00  1.18   .00    .00    .00   .00
  12    1.495  9.00     .67    .10   .00    .00   .98   .98    .01   .00    .30   .00    .00   .00  1.18   .00    .00    .00   .00
  13    1.375  9.00     .67    .10   .00    .00   .98   .98    .01   .00    .30   .00    .00   .00  1.18   .00    .00    .00   .00

 20 DEG C RATE                 .10          .05         .95    .01          .30   .00    .00   .00                .00    .00
 AVG 20 DEG C RATE      .66          .00                             .00                                                       .00

 * G/SQ M/D            ** MG/L/DAY  


 ************************************************ WATER QUALITY CONSTITUENT VALUES *************************************************

 ELEM  ENDING   TEMP  SALN     CM-I    CM-II    DO     BOD   EBOD   ORGN    NH3  NO3+2   TOTN   PHOS  CHL A   MACRO     COLI     NCM
 NO.     DIST  DEG C   PPT       *        *    MG/L   MG/L   MG/L   MG/L   MG/L   MG/L   MG/L   MG/L   UG/L     **     #/100ML    *

  11    1.615  20.50    .0     49.0     49.0   6.77   4.17   4.17    .00    .62    .27    .89    .00   23.0      .0       0.     .00
  12    1.495  20.50    .0     49.0     49.0   6.86   4.04   4.04    .00    .57    .30    .88    .00   23.0      .0       0.     .00
  13    1.375  20.50    .0     49.0     49.0   7.04   3.79   3.79    .00    .49    .33    .83    .00   23.0      .0       0.     .00

 * CM-I = %EFFL 10698.002, OUTF 001         CM-II = %EFFL 10698.002, OUTF 002         NCM =                           
                                                                                                      
 ** G/CU M    
1
 FINAL REPORT    PECAN/LITTLE ELM CR                              NOV UTRWD RIVERBEND WWTP; #10698-002                            
 REACH NO. 10    END OF MID-CHANNEL ISLE TO BEND                  #001 = 5 MGD @ 5/1/6, #002 = 5 MGD @ 5/1/6                      


 ********************************************************** REACH INPUTS ***********************************************************

 ELEM  TYPE         FLOW    TEMP     SALN     CM-I    CM-II    DO     BOD   EBOD   ORGN    NH3  NO3+2   PHOS  CHL A     COLI     NCM
 NO.                 CMS   DEG C      PPT       *        *    MG/L   MG/L   MG/L   MG/L   MG/L   MG/L   MG/L   UG/L    #/100ML    *

  14   UPR RCH     .4477   20.50      .00     49.0     49.0   7.04   3.79   3.79    .00    .49    .33    .00   23.0       0.     .00


 *************************************************** HYDRAULIC PARAMETER VALUES ****************************************************

 ELEM   BEGIN  ENDING       FLOW   PCT   ADVCTV  TRAVEL   DEPTH  WIDTH   VOLUME    SURFACE  X-SECT     TIDAL  TIDAL   DISPRSN   MEAN
  NO.    DIST    DIST              EFF    VELO    TIME                               AREA    AREA      PRISM   VELO             VELO
          KM      KM         CMS           M/S    DAYS      M      M      CU M       SQ M    SQ M      CU M    M/S    SQ M/S    M/S

   14    1.38    1.20      .4477   98.0   .001     1.37   1.83  165.7    53030.    28997.3   303.0        0.   .000      .150   .001

  TOT                                              1.37                  53030.    28997.3
  AVG                                     .001            1.83  165.7                        303.0
  CUM                                              4.44


 ********************************************** BIOLOGICAL AND PHYSICAL COEFFICIENTS ***********************************************

 ELEM  ENDING  SAT    REAER   CBOD  CBOD  ANBOD  FULL  CORR   ORGN  ORGN    NH3   NH3  DENIT   PO4   ALG   MAC   COLI    NCM   NCM
 NO.     DIST  D.O.    RATE  DECAY  SETT  DECAY   SOD   SOD  DECAY  SETT  DECAY  SRCE   RATE  SRCE  PROD  PROD  DECAY  DECAY  SETT
               MG/L    1/DA   1/DA  1/DA   1/DA    *     *    1/DA  1/DA   1/DA    *    1/DA    *    **    **    1/DA   1/DA  1/DA

  14    1.200  9.00     .56    .10   .00    .00  1.14  1.14    .01   .00    .31   .00    .00   .00  1.18   .00    .00    .00   .00

 20 DEG C RATE                 .10          .05        1.10    .01          .30   .00    .00   .00                .00    .00
 AVG 20 DEG C RATE      .55          .00                             .00                                                       .00

 * G/SQ M/D            ** MG/L/DAY  


 ************************************************ WATER QUALITY CONSTITUENT VALUES *************************************************

 ELEM  ENDING   TEMP  SALN     CM-I    CM-II    DO     BOD   EBOD   ORGN    NH3  NO3+2   TOTN   PHOS  CHL A   MACRO     COLI     NCM
 NO.     DIST  DEG C   PPT       *        *    MG/L   MG/L   MG/L   MG/L   MG/L   MG/L   MG/L   MG/L   UG/L     **     #/100ML    *

  14    1.200  20.50    .0     48.9     48.9   7.37   3.32   3.32    .00    .35    .38    .74    .00   23.0      .0       0.     .00

 * CM-I = %EFFL 10698.002, OUTF 001         CM-II = %EFFL 10698.002, OUTF 002         NCM =                           
                                                                                                      
 ** G/CU M    
1
 FINAL REPORT    PECAN/LITTLE ELM CR                              NOV UTRWD RIVERBEND WWTP; #10698-002                            
 REACH NO. 11    BEGINNING TO MIDDLE OF BEND                      #001 = 5 MGD @ 5/1/6, #002 = 5 MGD @ 5/1/6                      


 ********************************************************** REACH INPUTS ***********************************************************

 ELEM  TYPE         FLOW    TEMP     SALN     CM-I    CM-II    DO     BOD   EBOD   ORGN    NH3  NO3+2   PHOS  CHL A     COLI     NCM
 NO.                 CMS   DEG C      PPT       *        *    MG/L   MG/L   MG/L   MG/L   MG/L   MG/L   MG/L   UG/L    #/100ML    *

  15   UPR RCH     .4477   20.50      .00     48.9     48.9   7.37   3.32   3.32    .00    .35    .38    .00   23.0       0.     .00


 *************************************************** HYDRAULIC PARAMETER VALUES ****************************************************

 ELEM   BEGIN  ENDING       FLOW   PCT   ADVCTV  TRAVEL   DEPTH  WIDTH   VOLUME    SURFACE  X-SECT     TIDAL  TIDAL   DISPRSN   MEAN
  NO.    DIST    DIST              EFF    VELO    TIME                               AREA    AREA      PRISM   VELO             VELO
          KM      KM         CMS           M/S    DAYS      M      M      CU M       SQ M    SQ M      CU M    M/S    SQ M/S    M/S

   15    1.20    1.03      .4477   98.0   .001     1.57   1.83  195.3    60714.    33199.0   357.1        0.   .000      .100   .001

  TOT                                              1.57                  60714.    33199.0
  AVG                                     .001            1.83  195.3                        357.1
  CUM                                              6.01


 ********************************************** BIOLOGICAL AND PHYSICAL COEFFICIENTS ***********************************************

 ELEM  ENDING  SAT    REAER   CBOD  CBOD  ANBOD  FULL  CORR   ORGN  ORGN    NH3   NH3  DENIT   PO4   ALG   MAC   COLI    NCM   NCM
 NO.     DIST  D.O.    RATE  DECAY  SETT  DECAY   SOD   SOD  DECAY  SETT  DECAY  SRCE   RATE  SRCE  PROD  PROD  DECAY  DECAY  SETT
               MG/L    1/DA   1/DA  1/DA   1/DA    *     *    1/DA  1/DA   1/DA    *    1/DA    *    **    **    1/DA   1/DA  1/DA

  15    1.030  9.00     .56    .10   .00    .00  1.14  1.14    .01   .00    .31   .00    .00   .00  1.18   .00    .00    .00   .00

 20 DEG C RATE                 .10          .05        1.10    .01          .30   .00    .00   .00                .00    .00
 AVG 20 DEG C RATE      .55          .00                             .00                                                       .00

 * G/SQ M/D            ** MG/L/DAY  


 ************************************************ WATER QUALITY CONSTITUENT VALUES *************************************************

 ELEM  ENDING   TEMP  SALN     CM-I    CM-II    DO     BOD   EBOD   ORGN    NH3  NO3+2   TOTN   PHOS  CHL A   MACRO     COLI     NCM
 NO.     DIST  DEG C   PPT       *        *    MG/L   MG/L   MG/L   MG/L   MG/L   MG/L   MG/L   MG/L   UG/L     **     #/100ML    *

  15    1.030  20.50    .0     48.7     48.7   7.76   2.87   2.87    .00    .25    .39    .64    .00   23.0      .0       0.     .00

 * CM-I = %EFFL 10698.002, OUTF 001         CM-II = %EFFL 10698.002, OUTF 002         NCM =                           
                                                                                                      
 ** G/CU M    
1
 FINAL REPORT    PECAN/LITTLE ELM CR                              NOV UTRWD RIVERBEND WWTP; #10698-002                            
 REACH NO. 12    MIDDLE TO SOUTHERN END OF BEND                   #001 = 5 MGD @ 5/1/6, #002 = 5 MGD @ 5/1/6                      


 ********************************************************** REACH INPUTS ***********************************************************

 ELEM  TYPE         FLOW    TEMP     SALN     CM-I    CM-II    DO     BOD   EBOD   ORGN    NH3  NO3+2   PHOS  CHL A     COLI     NCM
 NO.                 CMS   DEG C      PPT       *        *    MG/L   MG/L   MG/L   MG/L   MG/L   MG/L   MG/L   UG/L    #/100ML    *

  16   UPR RCH     .4477   20.50      .00     48.7     48.7   7.76   2.87   2.87    .00    .25    .39    .00   23.0       0.     .00


 *************************************************** HYDRAULIC PARAMETER VALUES ****************************************************

 ELEM   BEGIN  ENDING       FLOW   PCT   ADVCTV  TRAVEL   DEPTH  WIDTH   VOLUME    SURFACE  X-SECT     TIDAL  TIDAL   DISPRSN   MEAN
  NO.    DIST    DIST              EFF    VELO    TIME                               AREA    AREA      PRISM   VELO             VELO
          KM      KM         CMS           M/S    DAYS      M      M      CU M       SQ M    SQ M      CU M    M/S    SQ M/S    M/S

   16    1.03     .90      .4477   98.0   .001     1.29   1.83  210.3    50000.    27340.3   384.6        0.   .000      .140   .001

  TOT                                              1.29                  50000.    27340.3
  AVG                                     .001            1.83  210.3                        384.6
  CUM                                              7.31


 ********************************************** BIOLOGICAL AND PHYSICAL COEFFICIENTS ***********************************************

 ELEM  ENDING  SAT    REAER   CBOD  CBOD  ANBOD  FULL  CORR   ORGN  ORGN    NH3   NH3  DENIT   PO4   ALG   MAC   COLI    NCM   NCM
 NO.     DIST  D.O.    RATE  DECAY  SETT  DECAY   SOD   SOD  DECAY  SETT  DECAY  SRCE   RATE  SRCE  PROD  PROD  DECAY  DECAY  SETT
               MG/L    1/DA   1/DA  1/DA   1/DA    *     *    1/DA  1/DA   1/DA    *    1/DA    *    **    **    1/DA   1/DA  1/DA

  16     .900  9.00     .56    .10   .00    .00  1.14  1.14    .01   .00    .31   .00    .00   .00  1.18   .00    .00    .00   .00

 20 DEG C RATE                 .10          .05        1.10    .01          .30   .00    .00   .00                .00    .00
 AVG 20 DEG C RATE      .55          .00                             .00                                                       .00

 * G/SQ M/D            ** MG/L/DAY  


 ************************************************ WATER QUALITY CONSTITUENT VALUES *************************************************

 ELEM  ENDING   TEMP  SALN     CM-I    CM-II    DO     BOD   EBOD   ORGN    NH3  NO3+2   TOTN   PHOS  CHL A   MACRO     COLI     NCM
 NO.     DIST  DEG C   PPT       *        *    MG/L   MG/L   MG/L   MG/L   MG/L   MG/L   MG/L   MG/L   UG/L     **     #/100ML    *

  16     .900  20.50    .0     48.2     48.2   8.09   2.52   2.52    .00    .18    .37    .56    .00   23.0      .0       0.     .00

 * CM-I = %EFFL 10698.002, OUTF 001         CM-II = %EFFL 10698.002, OUTF 002         NCM =                           
                                                                                                      
 ** G/CU M    
1
 FINAL REPORT    PECAN/LITTLE ELM CR                              NOV UTRWD RIVERBEND WWTP; #10698-002                            
 REACH NO. 13    SOUTH END OF BEND TO WEST INLET                  #001 = 5 MGD @ 5/1/6, #002 = 5 MGD @ 5/1/6                      


 ********************************************************** REACH INPUTS ***********************************************************

 ELEM  TYPE         FLOW    TEMP     SALN     CM-I    CM-II    DO     BOD   EBOD   ORGN    NH3  NO3+2   PHOS  CHL A     COLI     NCM
 NO.                 CMS   DEG C      PPT       *        *    MG/L   MG/L   MG/L   MG/L   MG/L   MG/L   MG/L   UG/L    #/100ML    *

  17   UPR RCH     .4477   20.50      .00     48.2     48.2   8.09   2.52   2.52    .00    .18    .37    .00   23.0       0.     .00


 *************************************************** HYDRAULIC PARAMETER VALUES ****************************************************

 ELEM   BEGIN  ENDING       FLOW   PCT   ADVCTV  TRAVEL   DEPTH  WIDTH   VOLUME    SURFACE  X-SECT     TIDAL  TIDAL   DISPRSN   MEAN
  NO.    DIST    DIST              EFF    VELO    TIME                               AREA    AREA      PRISM   VELO             VELO
          KM      KM         CMS           M/S    DAYS      M      M      CU M       SQ M    SQ M      CU M    M/S    SQ M/S    M/S

   17     .90     .80      .4477   98.0   .002      .72   1.83  151.9    27778.    15189.1   277.8        0.   .000      .270   .002
   18     .80     .70      .4477   98.0   .002      .72   1.83  151.9    27778.    15189.1   277.8        0.   .000      .270   .002
   19     .70     .60      .4477   98.0   .002      .72   1.83  151.9    27778.    15189.1   277.8        0.   .000      .270   .002
   20     .60     .50      .4477   98.0   .002      .72   1.83  151.9    27778.    15189.1   277.8        0.   .000      .270   .002
   21     .50     .40      .4477   98.0   .002      .72   1.83  151.9    27778.    15189.1   277.8        0.   .000      .270   .002

  TOT                                              3.59                 138889.    75945.4
  AVG                                     .002            1.83  151.9                        277.8
  CUM                                             10.90


 ********************************************** BIOLOGICAL AND PHYSICAL COEFFICIENTS ***********************************************

 ELEM  ENDING  SAT    REAER   CBOD  CBOD  ANBOD  FULL  CORR   ORGN  ORGN    NH3   NH3  DENIT   PO4   ALG   MAC   COLI    NCM   NCM
 NO.     DIST  D.O.    RATE  DECAY  SETT  DECAY   SOD   SOD  DECAY  SETT  DECAY  SRCE   RATE  SRCE  PROD  PROD  DECAY  DECAY  SETT
               MG/L    1/DA   1/DA  1/DA   1/DA    *     *    1/DA  1/DA   1/DA    *    1/DA    *    **    **    1/DA   1/DA  1/DA

  17     .800  9.00     .56    .10   .00    .00  1.04  1.04    .01   .00    .31   .00    .00   .00  1.18   .00    .00    .00   .00
  18     .700  9.00     .56    .10   .00    .00  1.04  1.04    .01   .00    .31   .00    .00   .00  1.18   .00    .00    .00   .00
  19     .600  9.00     .56    .10   .00    .00  1.04  1.04    .01   .00    .31   .00    .00   .00  1.18   .00    .00    .00   .00
  20     .500  9.00     .56    .10   .00    .00  1.04  1.04    .01   .00    .31   .00    .00   .00  1.18   .00    .00    .00   .00
  21     .400  9.00     .56    .10   .00    .00  1.04  1.04    .01   .00    .31   .00    .00   .00  1.18   .00    .00    .00   .00

 20 DEG C RATE                 .10          .05        1.00    .01          .30   .00    .00   .00                .00    .00
 AVG 20 DEG C RATE      .55          .00                             .00                                                       .00

 * G/SQ M/D            ** MG/L/DAY  


 ************************************************ WATER QUALITY CONSTITUENT VALUES *************************************************

 ELEM  ENDING   TEMP  SALN     CM-I    CM-II    DO     BOD   EBOD   ORGN    NH3  NO3+2   TOTN   PHOS  CHL A   MACRO     COLI     NCM
 NO.     DIST  DEG C   PPT       *        *    MG/L   MG/L   MG/L   MG/L   MG/L   MG/L   MG/L   MG/L   UG/L     **     #/100ML    *

  17     .800  20.50    .0     47.6     47.6   8.29   2.33   2.33    .00    .15    .35    .50    .00   23.0      .0       0.     .00
  18     .700  20.50    .0     46.8     46.8   8.44   2.18   2.18    .00    .13    .33    .46    .00   23.0      .0       0.     .00
  19     .600  20.50    .0     45.5     45.5   8.58   2.04   2.04    .00    .11    .30    .41    .00   23.0      .0       0.     .00
  20     .500  20.50    .0     43.3     43.3   8.71   1.90   1.90    .00    .09    .26    .36    .00   23.0      .0       0.     .00
  21     .400  20.50    .0     39.9     39.9   8.83   1.75   1.75    .00    .08    .22    .30    .00   23.0      .0       0.     .00

 * CM-I = %EFFL 10698.002, OUTF 001         CM-II = %EFFL 10698.002, OUTF 002         NCM =                           
                                                                                                      
 ** G/CU M    
1
 FINAL REPORT    PECAN/LITTLE ELM CR                              NOV UTRWD RIVERBEND WWTP; #10698-002                            
 REACH NO. 14    WESTERN INLET TO HWY 380 BRIDGE                  #001 = 5 MGD @ 5/1/6, #002 = 5 MGD @ 5/1/6                      


 ********************************************************** REACH INPUTS ***********************************************************

 ELEM  TYPE         FLOW    TEMP     SALN     CM-I    CM-II    DO     BOD   EBOD   ORGN    NH3  NO3+2   PHOS  CHL A     COLI     NCM
 NO.                 CMS   DEG C      PPT       *        *    MG/L   MG/L   MG/L   MG/L   MG/L   MG/L   MG/L   UG/L    #/100ML    *

  22   UPR RCH     .4477   20.50      .00     39.9     39.9   8.83   1.75   1.75    .00    .08    .22    .00   23.0       0.     .00


 *************************************************** HYDRAULIC PARAMETER VALUES ****************************************************

 ELEM   BEGIN  ENDING       FLOW   PCT   ADVCTV  TRAVEL   DEPTH  WIDTH   VOLUME    SURFACE  X-SECT     TIDAL  TIDAL   DISPRSN   MEAN
  NO.    DIST    DIST              EFF    VELO    TIME                               AREA    AREA      PRISM   VELO             VELO
          KM      KM         CMS           M/S    DAYS      M      M      CU M       SQ M    SQ M      CU M    M/S    SQ M/S    M/S

   22     .40     .30      .4477   98.0   .001      .83   1.98  162.8    32258.    16282.1   322.6        0.   .000      .320   .001
   23     .30     .20      .4477   98.0   .001      .83   1.98  162.8    32258.    16282.1   322.6        0.   .000      .320   .001
   24     .20     .10      .4477   98.0   .001      .83   1.98  162.8    32258.    16282.1   322.6        0.   .000      .320   .001
   25     .10     .00      .4477   98.0   .001      .83   1.98  162.8    32258.    16282.1   322.6        0.   .000      .320   .001

  TOT                                              3.34                 129032.    65128.3
  AVG                                     .001            1.98  162.8                        322.6
  CUM                                             14.23


 ********************************************** BIOLOGICAL AND PHYSICAL COEFFICIENTS ***********************************************

 ELEM  ENDING  SAT    REAER   CBOD  CBOD  ANBOD  FULL  CORR   ORGN  ORGN    NH3   NH3  DENIT   PO4   ALG   MAC   COLI    NCM   NCM
 NO.     DIST  D.O.    RATE  DECAY  SETT  DECAY   SOD   SOD  DECAY  SETT  DECAY  SRCE   RATE  SRCE  PROD  PROD  DECAY  DECAY  SETT
               MG/L    1/DA   1/DA  1/DA   1/DA    *     *    1/DA  1/DA   1/DA    *    1/DA    *    **    **    1/DA   1/DA  1/DA

  22     .300  9.00     .50    .10   .00    .00   .88   .88    .01   .00    .31   .00    .00   .00  1.18   .00    .00    .00   .00
  23     .200  9.00     .50    .10   .00    .00   .88   .88    .01   .00    .31   .00    .00   .00  1.18   .00    .00    .00   .00
  24     .100  9.00     .50    .10   .00    .00   .88   .88    .01   .00    .31   .00    .00   .00  1.18   .00    .00    .00   .00
  25     .000  9.00     .50    .10   .00    .00   .88   .88    .01   .00    .31   .00    .00   .00  1.18   .00    .00    .00   .00

 20 DEG C RATE                 .10          .05         .85    .01          .30   .00    .00   .00                .00    .00
 AVG 20 DEG C RATE      .50          .00                             .00                                                       .00

 * G/SQ M/D            ** MG/L/DAY  


 ************************************************ WATER QUALITY CONSTITUENT VALUES *************************************************

 ELEM  ENDING   TEMP  SALN     CM-I    CM-II    DO     BOD   EBOD   ORGN    NH3  NO3+2   TOTN   PHOS  CHL A   MACRO     COLI     NCM
 NO.     DIST  DEG C   PPT       *        *    MG/L   MG/L   MG/L   MG/L   MG/L   MG/L   MG/L   MG/L   UG/L     **     #/100ML    *

  22     .300  20.50    .0     35.3     35.3   8.92   1.62   1.62    .00    .06    .18    .24    .00   23.0      .0       0.     .00
  23     .200  20.50    .0     29.4     29.4   8.93   1.52   1.52    .00    .06    .13    .19    .00   23.0      .0       0.     .00
  24     .100  20.50    .0     20.9     20.9   8.82   1.42   1.42    .00    .05    .08    .14    .00   23.0      .0       0.     .00
  25     .000  20.50    .0      8.7      8.7   8.51   1.34   1.34    .00    .05    .03    .08    .00   23.0      .0       0.     .00

 * CM-I = %EFFL 10698.002, OUTF 001         CM-II = %EFFL 10698.002, OUTF 002         NCM =                           
                                                                                                      
 ** G/CU M    
1
 STREAM SUMMARY                                                   NOV UTRWD RIVERBEND WWTP; #10698-002                            
 PECAN/LITTLE ELM CR                                              #001 = 5 MGD @ 5/1/6, #002 = 5 MGD @ 5/1/6                      


 TRAVEL TIME      =           14.2 DAYS

 MAXIMUM EFFLUENT =           98.0 PERCENT

 FLOW             =     .0088 TO     .4477 CMS       
 DISPERSION       =     .1000 TO     .3200 SQ M/S    
 VELOCITY         =     .0002 TO     .0065 M/S       
 DEPTH            =    1.07   TO    1.98   M         
 WIDTH            =   33.0    TO  210.3    M         

 BOD DECAY        =     .10   TO     .10   PER DAY   
 NH3 DECAY        =     .30   TO     .31   PER DAY   
 SDMNT OXYGEN DMND=     .78   TO    1.14   G/SQ M/D  
 NH3 SOURCE       =     .00   TO     .00   G/SQ M/D  
 REAERATION       =     .50   TO     .95   PER DAY   
 BOD SETTLING     =     .00   TO     .00   PER DAY   
 ORGN DECAY       =     .01   TO     .01   PER DAY   
 ORGN SETTLING    =     .00   TO     .00   PER DAY   

 TEMPERATURE      =   20.50   TO   20.50   DEG C     
 DISSOLVED OXYGEN =    6.54   TO    8.93   MG/L      
1
 FINAL REPORT    OUTFALL 001 COVE                                 NOV UTRWD RIVERBEND WWTP; #10698-002                            
 REACH NO.  2    COVE 1: OUTFALL 001 TO ELM FORK                  #001 = 5 MGD @ 5/1/6, #002 = 5 MGD @ 5/1/6                      


 ********************************************************** REACH INPUTS ***********************************************************

 ELEM  TYPE         FLOW    TEMP     SALN     CM-I    CM-II    DO     BOD   EBOD   ORGN    NH3  NO3+2   PHOS  CHL A     COLI     NCM
 NO.                 CMS   DEG C      PPT       *        *    MG/L   MG/L   MG/L   MG/L   MG/L   MG/L   MG/L   UG/L    #/100ML    *

   2   HDWTR       .0000     .00      .00       .0       .0   7.16   1.30   1.30    .20    .05    .50    .00   23.0       0.     .00
   2   WSTLD       .2194     .00      .00    100.0       .0   6.00   5.00   5.00    .00   1.00    .00    .00     .0       0.     .00


 *************************************************** HYDRAULIC PARAMETER VALUES ****************************************************

 ELEM   BEGIN  ENDING       FLOW   PCT   ADVCTV  TRAVEL   DEPTH  WIDTH   VOLUME    SURFACE  X-SECT     TIDAL  TIDAL   DISPRSN   MEAN
  NO.    DIST    DIST              EFF    VELO    TIME                               AREA    AREA      PRISM   VELO             VELO
          KM      KM         CMS           M/S    DAYS      M      M      CU M       SQ M    SQ M      CU M    M/S    SQ M/S    M/S

    2     .12     .00      .2195  100.0   .010      .13    .61   35.0     2559.     4197.2    21.3        0.   .000      .100   .010

  TOT                                               .13                   2559.     4197.2
  AVG                                     .010             .61   35.0                         21.3
  CUM                                               .13


 ********************************************** BIOLOGICAL AND PHYSICAL COEFFICIENTS ***********************************************

 ELEM  ENDING  SAT    REAER   CBOD  CBOD  ANBOD  FULL  CORR   ORGN  ORGN    NH3   NH3  DENIT   PO4   ALG   MAC   COLI    NCM   NCM
 NO.     DIST  D.O.    RATE  DECAY  SETT  DECAY   SOD   SOD  DECAY  SETT  DECAY  SRCE   RATE  SRCE  PROD  PROD  DECAY  DECAY  SETT
               MG/L    1/DA   1/DA  1/DA   1/DA    *     *    1/DA  1/DA   1/DA    *    1/DA    *    **    **    1/DA   1/DA  1/DA

   2     .000  9.00    1.66    .10   .00    .00   .47   .47    .01   .00    .30   .00    .00   .00  1.18   .00    .00    .00   .00

 20 DEG C RATE                 .10          .05         .45    .01          .30   .00    .00   .00                .00    .00
 AVG 20 DEG C RATE     1.64          .00                             .00                                                       .00

 * G/SQ M/D            ** MG/L/DAY  


 ************************************************ WATER QUALITY CONSTITUENT VALUES *************************************************

 ELEM  ENDING   TEMP  SALN     CM-I    CM-II    DO     BOD   EBOD   ORGN    NH3  NO3+2   TOTN   PHOS  CHL A   MACRO     COLI     NCM
 NO.     DIST  DEG C   PPT       *        *    MG/L   MG/L   MG/L   MG/L   MG/L   MG/L   MG/L   MG/L   UG/L     **     #/100ML    *

   2     .000  20.50    .0     99.2       .0   6.37   4.86   4.86    .00    .93    .05    .98    .00   23.0      .0       0.     .00

 * CM-I = %EFFL 10698.002, OUTF 001         CM-II = %EFFL 10698.002, OUTF 002         NCM =                           
                                                                                                      
 ** G/CU M    
1
 STREAM SUMMARY                                                   NOV UTRWD RIVERBEND WWTP; #10698-002                            
 OUTFALL 001 COVE                                                 #001 = 5 MGD @ 5/1/6, #002 = 5 MGD @ 5/1/6                      


 TRAVEL TIME      =             .1 DAYS

 MAXIMUM EFFLUENT =          100.0 PERCENT

 FLOW             =     .2195 TO     .2195 CMS       
 DISPERSION       =     .1000 TO     .1000 SQ M/S    
 VELOCITY         =     .0103 TO     .0103 M/S       
 DEPTH            =     .61   TO     .61   M         
 WIDTH            =   35.0    TO   35.0    M         

 BOD DECAY        =     .10   TO     .10   PER DAY   
 NH3 DECAY        =     .30   TO     .30   PER DAY   
 SDMNT OXYGEN DMND=     .47   TO     .47   G/SQ M/D  
 NH3 SOURCE       =     .00   TO     .00   G/SQ M/D  
 REAERATION       =    1.66   TO    1.66   PER DAY   
 BOD SETTLING     =     .00   TO     .00   PER DAY   
 ORGN DECAY       =     .01   TO     .01   PER DAY   
 ORGN SETTLING    =     .00   TO     .00   PER DAY   

 TEMPERATURE      =   20.50   TO   20.50   DEG C     
 DISSOLVED OXYGEN =    6.37   TO    6.37   MG/L      
1
 FINAL REPORT    OUTFALL 002 TRIB                                 NOV UTRWD RIVERBEND WWTP; #10698-002                            
 REACH NO.  5    OUTFALL 002 TO INUNDATED INLET                   #001 = 5 MGD @ 5/1/6, #002 = 5 MGD @ 5/1/6                      


 ********************************************************** REACH INPUTS ***********************************************************

 ELEM  TYPE         FLOW    TEMP     SALN     CM-I    CM-II    DO     BOD   EBOD   ORGN    NH3  NO3+2   PHOS  CHL A     COLI     NCM
 NO.                 CMS   DEG C      PPT       *        *    MG/L   MG/L   MG/L   MG/L   MG/L   MG/L   MG/L   UG/L    #/100ML    *

   7   HDWTR       .0000     .00      .00       .0       .0   7.16   1.30   1.30    .20    .05    .50    .00   23.0       0.     .00
   7   WSTLD       .2194     .00      .00       .0    100.0   6.00   5.00   5.00    .00   1.00    .00    .00     .0       0.     .00


 *************************************************** HYDRAULIC PARAMETER VALUES ****************************************************

 ELEM   BEGIN  ENDING       FLOW   PCT   ADVCTV  TRAVEL   DEPTH  WIDTH   VOLUME    SURFACE  X-SECT     TIDAL  TIDAL   DISPRSN   MEAN
  NO.    DIST    DIST              EFF    VELO    TIME                               AREA    AREA      PRISM   VELO             VELO
          KM      KM         CMS           M/S    DAYS      M      M      CU M       SQ M    SQ M      CU M    M/S    SQ M/S    M/S

    7     .28     .15      .2195  100.0   .061      .02    .39    9.1      465.     1184.3     3.6        0.   .000      .018   .061

  TOT                                               .02                    465.     1184.3
  AVG                                     .061             .39    9.1                          3.6
  CUM                                               .02


 ********************************************** BIOLOGICAL AND PHYSICAL COEFFICIENTS ***********************************************

 ELEM  ENDING  SAT    REAER   CBOD  CBOD  ANBOD  FULL  CORR   ORGN  ORGN    NH3   NH3  DENIT   PO4   ALG   MAC   COLI    NCM   NCM
 NO.     DIST  D.O.    RATE  DECAY  SETT  DECAY   SOD   SOD  DECAY  SETT  DECAY  SRCE   RATE  SRCE  PROD  PROD  DECAY  DECAY  SETT
               MG/L    1/DA   1/DA  1/DA   1/DA    *     *    1/DA  1/DA   1/DA    *    1/DA    *    **    **    1/DA   1/DA  1/DA

   7     .150  9.00    2.57    .10   .00    .00   .36   .36    .01   .00    .30   .00    .00   .00  1.18   .00    .00    .00   .00

 20 DEG C RATE                 .10          .05         .35    .01          .30   .00    .00   .00                .00    .00
 AVG 20 DEG C RATE     2.55          .00                             .00                                                       .00

 * G/SQ M/D            ** MG/L/DAY  


 ************************************************ WATER QUALITY CONSTITUENT VALUES *************************************************

 ELEM  ENDING   TEMP  SALN     CM-I    CM-II    DO     BOD   EBOD   ORGN    NH3  NO3+2   TOTN   PHOS  CHL A   MACRO     COLI     NCM
 NO.     DIST  DEG C   PPT       *        *    MG/L   MG/L   MG/L   MG/L   MG/L   MG/L   MG/L   MG/L   UG/L     **     #/100ML    *

   7     .150  20.50    .0       .1     99.9   6.13   4.99   4.99    .00    .99    .01   1.00    .00   23.0      .0       0.     .00

 * CM-I = %EFFL 10698.002, OUTF 001         CM-II = %EFFL 10698.002, OUTF 002         NCM =                           
                                                                                                      
 ** G/CU M    
1
 FINAL REPORT    OUTFALL 002 TRIB                                 NOV UTRWD RIVERBEND WWTP; #10698-002                            
 REACH NO.  6    INUNDATED INLET START TO ELM FRK                 #001 = 5 MGD @ 5/1/6, #002 = 5 MGD @ 5/1/6                      


 ********************************************************** REACH INPUTS ***********************************************************

 ELEM  TYPE         FLOW    TEMP     SALN     CM-I    CM-II    DO     BOD   EBOD   ORGN    NH3  NO3+2   PHOS  CHL A     COLI     NCM
 NO.                 CMS   DEG C      PPT       *        *    MG/L   MG/L   MG/L   MG/L   MG/L   MG/L   MG/L   UG/L    #/100ML    *

   8   UPR RCH     .2195   20.50      .00       .1     99.9   6.13   4.99   4.99    .00    .99    .01    .00   23.0       0.     .00


 *************************************************** HYDRAULIC PARAMETER VALUES ****************************************************

 ELEM   BEGIN  ENDING       FLOW   PCT   ADVCTV  TRAVEL   DEPTH  WIDTH   VOLUME    SURFACE  X-SECT     TIDAL  TIDAL   DISPRSN   MEAN
  NO.    DIST    DIST              EFF    VELO    TIME                               AREA    AREA      PRISM   VELO             VELO
          KM      KM         CMS           M/S    DAYS      M      M      CU M       SQ M    SQ M      CU M    M/S    SQ M/S    M/S

    8     .15     .00      .2195  100.0   .053      .03    .46    9.0      617.     1350.1     4.1        0.   .000      .100   .053

  TOT                                               .03                    617.     1350.1
  AVG                                     .053             .46    9.0                          4.1
  CUM                                               .06


 ********************************************** BIOLOGICAL AND PHYSICAL COEFFICIENTS ***********************************************

 ELEM  ENDING  SAT    REAER   CBOD  CBOD  ANBOD  FULL  CORR   ORGN  ORGN    NH3   NH3  DENIT   PO4   ALG   MAC   COLI    NCM   NCM
 NO.     DIST  D.O.    RATE  DECAY  SETT  DECAY   SOD   SOD  DECAY  SETT  DECAY  SRCE   RATE  SRCE  PROD  PROD  DECAY  DECAY  SETT
               MG/L    1/DA   1/DA  1/DA   1/DA    *     *    1/DA  1/DA   1/DA    *    1/DA    *    **    **    1/DA   1/DA  1/DA

   8     .000  9.00    2.21    .10   .00    .00   .62   .62    .01   .00    .30   .00    .00   .00  1.18   .00    .00    .00   .00

 20 DEG C RATE                 .10          .05         .60    .01          .30   .00    .00   .00                .00    .00
 AVG 20 DEG C RATE     2.19          .00                             .00                                                       .00

 * G/SQ M/D            ** MG/L/DAY  


 ************************************************ WATER QUALITY CONSTITUENT VALUES *************************************************

 ELEM  ENDING   TEMP  SALN     CM-I    CM-II    DO     BOD   EBOD   ORGN    NH3  NO3+2   TOTN   PHOS  CHL A   MACRO     COLI     NCM
 NO.     DIST  DEG C   PPT       *        *    MG/L   MG/L   MG/L   MG/L   MG/L   MG/L   MG/L   MG/L   UG/L     **     #/100ML    *

   8     .000  20.50    .0      9.8     89.9   6.32   4.87   4.87    .00    .94    .05    .98    .00   23.0      .0       0.     .00

 * CM-I = %EFFL 10698.002, OUTF 001         CM-II = %EFFL 10698.002, OUTF 002         NCM =                           
                                                                                                      
 ** G/CU M    
1
 STREAM SUMMARY                                                   NOV UTRWD RIVERBEND WWTP; #10698-002                            
 OUTFALL 002 TRIB                                                 #001 = 5 MGD @ 5/1/6, #002 = 5 MGD @ 5/1/6                      


 TRAVEL TIME      =             .1 DAYS

 MAXIMUM EFFLUENT =          100.0 PERCENT

 FLOW             =     .2195 TO     .2195 CMS       
 DISPERSION       =     .0183 TO     .1000 SQ M/S    
 VELOCITY         =     .0533 TO     .0614 M/S       
 DEPTH            =     .39   TO     .46   M         
 WIDTH            =    9.0    TO    9.1    M         

 BOD DECAY        =     .10   TO     .10   PER DAY   
 NH3 DECAY        =     .30   TO     .30   PER DAY   
 SDMNT OXYGEN DMND=     .36   TO     .62   G/SQ M/D  
 NH3 SOURCE       =     .00   TO     .00   G/SQ M/D  
 REAERATION       =    2.21   TO    2.57   PER DAY   
 BOD SETTLING     =     .00   TO     .00   PER DAY   
 ORGN DECAY       =     .01   TO     .01   PER DAY   
 ORGN SETTLING    =     .00   TO     .00   PER DAY   

 TEMPERATURE      =   20.50   TO   20.50   DEG C     
 DISSOLVED OXYGEN =    6.13   TO    6.32   MG/L      
1
     .....EXECUTION COMPLETED
1
